<?xml version="1.0" encoding="UTF-8"?>
<!-- Generated by org.testng.reporters.JUnitReportReporter -->
<testsuite skipped="0" hostname="DESKTOP-F3O7KVR" name="com.crm.qa.testcases.LoginTest" tests="1" failures="0" timestamp="02 Dec 2018 18:10:25 GMT" time="14.781" errors="0">
  <testcase name="basicTest" time="14.781" classname="com.crm.qa.testcases.LoginTest"/>
</testsuite> <!-- com.crm.qa.testcases.LoginTest -->
