<?xml version="1.0" encoding="UTF-8"?>
<!-- Generated by org.testng.reporters.JUnitReportReporter -->
<testsuite skipped="0" hostname="DESKTOP-F3O7KVR" name="com.crm.qa.testcases.LoginTest" tests="1" failures="0" timestamp="03 Dec 2018 18:07:23 GMT" time="8.271" errors="0">
  <testcase name="basicTest" time="8.271" classname="com.crm.qa.testcases.LoginTest"/>
</testsuite> <!-- com.crm.qa.testcases.LoginTest -->
